make all --print-data-base --no-builtin-variables --no-builtin-rules --question
# GNU Make 3.81
# Copyright (C) 2006  Free Software Foundation, Inc.
# This is free software; see the source for copying conditions.
# There is NO warranty; not even for MERCHANTABILITY or FITNESS FOR A
# PARTICULAR PURPOSE.

# This program built for i386-apple-darwin11.3.0
 

# Make data base, printed on Wed Jul  6 15:18:36 2022

# Variables

 
# automatic
<D = $(patsubst %/,%,$(dir $<))
# automatic
?F = $(notdir $?)
# environment
VSCODE_LOG_NATIVE = false
# automatic
?D = $(patsubst %/,%,$(dir $?))
# automatic
@D = $(patsubst %/,%,$(dir $@))
# automatic
@F = $(notdir $@)
# makefile
CURDIR := /Users/lgarrosh/Desktop/minishell
# makefile
SHELL = /bin/sh
# environment
VSCODE_NLS_CONFIG = {"locale":"en-us","availableLanguages":{},"_languagePackSupport":true}
# environment
_ = /usr/bin/make
# makefile (from `Makefile', line 1)
MAKEFILE_LIST :=  Makefile
# makefile (from `Makefile', line 24)
LIB_DIR = libft/
# environment
VSCODE_VERBOSE_LOGGING = true
# makefile (from `Makefile', line 52)
OBJ_GNL_F = $(addprefix obj/, $(SRC_GNL_F:%.c=%.o))
# environment
VSCODE_IPC_HOOK_EXTHOST = /var/folders/zz/zyxvpxvq6csfxvn_n0001yrc000gp3/T/vscode-ipc-71971555-71af-487e-af6e-af2104a7f834.sock
# environment
VSCODE_CWD = /
# environment
Apple_PubSub_Socket_Render = /private/tmp/com.apple.launchd.FPBfU70hBa/Render
# environment
PATH = /Users/lgarrosh/.brew/bin:/usr/local/bin:/usr/bin:/bin:/usr/sbin:/sbin:/usr/local/go/bin:/usr/local/munki:/opt/X11/bin
# makefile (from `Makefile', line 46)
TOOLS = free.c init.c error.c
# makefile (from `Makefile', line 50)
OBJ_F = $(subst $(SRC_D),$(OBJ_D),$(SRC_F:%.c=%.o)) 
# environment
VSCODE_LOG_STACK = false
# environment
ELECTRON_RUN_AS_NODE = 1
# default
.FEATURES := target-specific order-only second-expansion else-if archives jobserver check-symlink
# environment
SSH_AUTH_SOCK = /private/tmp/com.apple.launchd.EbYSbRArOM/Listeners
# automatic
%F = $(notdir $%)
# environment
HOMEBREW_TEMP = /tmp/lgarrosh/Homebrew/Temp
# environment
DISPLAY = /private/tmp/com.apple.launchd.Gq5ecPY4K6/org.xquartz:0
# environment
VSCODE_PIPE_LOGGING = true
# environment
PWD = /Users/lgarrosh/Desktop/minishell
# environment
ORIGINAL_XDG_CURRENT_DESKTOP = undefined
# environment
VSCODE_AMD_ENTRYPOINT = vs/workbench/api/node/extensionHostProcess
# environment
HOME = /Users/lgarrosh
# default
MAKEFILEPATH := /Applications/Xcode.app/Contents/Developer/Makefiles
# environment
VSCODE_CODE_CACHE_PATH = /Users/lgarrosh/Library/Application Support/Code/CachedData/30d9c6cd9483b2cc586687151bcbcd635f373630
# environment
LOGNAME = lgarrosh
# environment
APPLICATION_INSIGHTS_NO_DIAGNOSTIC_CHANNEL = 1
# makefile (from `Makefile', line 27)
SRC_D = src/
# makefile (from `Makefile', line 22)
HEADERS = $(addprefix $(INC), $(HEADER))
# environment
VSCODE_HANDLES_UNCAUGHT_ERRORS = true
# automatic
^D = $(patsubst %/,%,$(dir $^))
# makefile (from `Makefile', line 26)
GNL_D = gnl/
# environment
XPC_FLAGS = 0x0
# default
MAKE = $(MAKE_COMMAND)
# default
MAKECMDGOALS := all
# environment
HOMEBREW_CACHE = /tmp/lgarrosh/Homebrew/Caches
# environment
SHLVL = 1
# makefile (from `Makefile', line 18)
LIBFT = libft/libft.a
# makefile (from `Makefile', line 15)
CC = cc
# makefile (from `Makefile', line 44)
EXEC = executive.c
# default
MAKE_VERSION := 3.81
# environment
USER = lgarrosh
# makefile
.DEFAULT_GOAL := all
# makefile (from `Makefile', line 13)
NAME = minishell
# automatic
%D = $(patsubst %/,%,$(dir $%))
# default
MAKE_COMMAND := /Applications/Xcode.app/Contents/Developer/usr/bin/make
# makefile (from `Makefile', line 20)
INC = includes/
# default
.VARIABLES := 
# environment
TMPDIR = /var/folders/zz/zyxvpxvq6csfxvn_n0001yrc000gp3/T/
# automatic
*F = $(notdir $*)
# environment
VSCODE_IPC_HOOK = /Users/lgarrosh/Library/Application Support/Code/1.68.1-main.sock
# makefile
MAKEFLAGS = Rrqp
# environment
MFLAGS = -Rrqp
# automatic
*D = $(patsubst %/,%,$(dir $*))
# makefile (from `Makefile', line 40)
MAIN = main.c
# environment
XPC_SERVICE_NAME = com.microsoft.VSCode.1204
# automatic
+D = $(patsubst %/,%,$(dir $+))
# automatic
+F = $(notdir $+)
# environment
__CF_USER_TEXT_ENCODING = 0x3EC3:0x0:0x0
# default
MAKEFILES := 
# makefile (from `Makefile', line 38)
GNL = get_next_line.c
# automatic
<F = $(notdir $<)
# makefile (from `Makefile', line 30)
SRC_GNL_F = $(addprefix gnl/, $(GNL))
# environment
LC_ALL = C
# makefile (from `Makefile', line 28)
OBJ_D = obj/
# makefile (from `Makefile', line 21)
HEADER = minishell.h struct.h
# automatic
^F = $(notdir $^)
# default
SUFFIXES := 
# makefile (from `Makefile', line 19)
PIPEX = pipex/pipex.a
# makefile (from `Makefile', line 16)
FLAGS = -Wall -Wextra -Werror
# makefile (from `Makefile', line 25)
PIP_DIR = pipex/
# default
.INCLUDE_DIRS = /usr/local/include
# environment
MAKELEVEL := 0
# makefile (from `Makefile', line 42)
ENV = env.c env_oper.c
# environment
LANG = C
# makefile (from `Makefile', line 32)
SRC_F = $(addprefix src/main/, $(MAIN)) $(addprefix src/env/, $(ENV)) $(addprefix src/execution/, $(EXEC)) $(addprefix src/tools/, $(TOOLS)) $(addprefix src/parser/, $(PARSER)) 
 
# environment
VSCODE_PID = 71692
# makefile (from `Makefile', line 48)
PARSER = parser.c
# variable set hash-table stats:
# Load=87/1024=8%, Rehash=0, Collisions=7/141=5%

# Pattern-specific Variable Values

# No pattern-specific variable values.

# Directories

# . (device 16777227, inode 1153039): 10 files, no impossibilities.
# gnl (device 16777227, inode 1153102): No files, no impossibilities so far.
# src (device 16777227, inode 1153113): No files, no impossibilities so far.

# 10 files, no impossibilities in 3 directories.

# Implicit Rules

obj/%.o: src/%.c
#  commands to execute (from `Makefile', line 55):
	$(CC) $(FLAGS) -c $< -o $@  -I$(INC) -I$(GNL_D) -I$(LIB_DIR)$(INC) -I$(PIP_DIR)$(INC)
	

obj/gnl/%.o: gnl/%.c
#  commands to execute (from `Makefile', line 58):
	$(CC) $(FLAGS) -c $< -o $@  -I$(INC) -I$(GNL_D) -I$(LIB_DIR)$(INC) -I$(PIP_DIR)$(INC)
	

# 2 implicit rules, 0 (0.0%) terminal.

# Files

# Not a target:
obj/tools/init.o:
#  Implicit rule search has not been done.
#  Modification time never checked.
#  File has not been updated.

makelib:
#  Implicit rule search has not been done.
#  Implicit/static pattern stem: `'
#  File does not exist.
#  File has been updated.
#  Needs to be updated (-q is set).
# automatic
# @ := makelib
# automatic
# % := 
# automatic
# * := 
# automatic
# + := 
# automatic
# | := 
# automatic
# < := 
# automatic
# ^ := 
# automatic
# ? := 
# variable set hash-table stats:
# Load=8/32=25%, Rehash=0, Collisions=2/12=17%
#  commands to execute (from `Makefile', line 72):
	@make -C $(LIB_DIR) bonus --no-print-directory
	@make -C $(PIP_DIR) --no-print-directory
	

# Not a target:
obj/gnl/get_next_line.o:
#  Implicit rule search has not been done.
#  Modification time never checked.
#  File has not been updated.

all: makelib minishell
#  Phony target (prerequisite of .PHONY).
#  Command-line target.
#  Implicit rule search has not been done.
#  File does not exist.
#  File has been updated.
#  Needs to be updated (-q is set).
# variable set hash-table stats:
# Load=0/32=0%, Rehash=0, Collisions=0/4=0%

.PHONY: all clean fclean re
#  Implicit rule search has not been done.
#  Modification time never checked.
#  File has not been updated.

# Not a target:
obj/execution/executive.o:
#  Implicit rule search has not been done.
#  Modification time never checked.
#  File has not been updated.

# Not a target:
obj/tools/free.o:
#  Implicit rule search has not been done.
#  Modification time never checked.
#  File has not been updated.

# Not a target:
includes/struct.h:
#  Implicit rule search has not been done.
#  Modification time never checked.
#  File has not been updated.

# Not a target:
obj/env/env.o:
#  Implicit rule search has not been done.
#  Modification time never checked.
#  File has not been updated.

# Not a target:
obj/env/env_oper.o:
#  Implicit rule search has not been done.
#  Modification time never checked.
#  File has not been updated.

# Not a target:
.SUFFIXES:
#  Implicit rule search has not been done.
#  Modification time never checked.
#  File has not been updated.

# Not a target:
Makefile:
#  Implicit rule search has been done.
#  Last modified 2022-07-03 14:26:16
#  File has been updated.
#  Successfully updated.
# variable set hash-table stats:
# Load=0/32=0%, Rehash=0, Collisions=0/0=0%

minishell: obj obj/main/main.o obj/env/env.o obj/env/env_oper.o obj/execution/executive.o obj/tools/free.o obj/tools/init.o obj/tools/error.o obj/parser/parser.o obj/gnl/get_next_line.o libft/libft.a pipex/pipex.a includes/minishell.h includes/struct.h Makefile
#  Implicit rule search has not been done.
#  Modification time never checked.
#  File has not been updated.
#  commands to execute (from `Makefile', line 69):
	$(CC) $(FLAGS) $(OBJ_F) $(OBJ_GNL_F) -o $(NAME) $(LIBFT) $(PIPEX) -I$(INC)
	

# Not a target:
libft/libft.a:
#  Implicit rule search has not been done.
#  Modification time never checked.
#  File has not been updated.

fclean: clean
#  Phony target (prerequisite of .PHONY).
#  Implicit rule search has not been done.
#  File does not exist.
#  File has not been updated.
#  commands to execute (from `Makefile', line 81):
	@make -C $(LIB_DIR) fclean --no-print-directory
	@make -C $(PIP_DIR) fclean --no-print-directory
	rm -rfv $(NAME)
	

obj:
#  Implicit rule search has not been done.
#  Modification time never checked.
#  File has not been updated.
#  commands to execute (from `Makefile', line 65):
	@mkdir -p $@
	@mkdir -p $(addprefix $@/, main env execution tools parser gnl)
	

# Not a target:
obj/parser/parser.o:
#  Implicit rule search has not been done.
#  Modification time never checked.
#  File has not been updated.

# Not a target:
.DEFAULT:
#  Implicit rule search has not been done.
#  Modification time never checked.
#  File has not been updated.

re: fclean all
#  Phony target (prerequisite of .PHONY).
#  Implicit rule search has not been done.
#  File does not exist.
#  File has not been updated.

clean:
#  Phony target (prerequisite of .PHONY).
#  Implicit rule search has not been done.
#  File does not exist.
#  File has not been updated.
#  commands to execute (from `Makefile', line 76):
	@make -C $(LIB_DIR) clean --no-print-directory
	@make -C $(PIP_DIR) clean --no-print-directory
	rm -rfv $(OBJ_D)
	

# Not a target:
obj/tools/error.o:
#  Implicit rule search has not been done.
#  Modification time never checked.
#  File has not been updated.

# Not a target:
includes/minishell.h:
#  Implicit rule search has not been done.
#  Modification time never checked.
#  File has not been updated.

# Not a target:
pipex/pipex.a:
#  Implicit rule search has not been done.
#  Modification time never checked.
#  File has not been updated.

# Not a target:
obj/main/main.o:
#  Implicit rule search has not been done.
#  Modification time never checked.
#  File has not been updated.

# files hash-table stats:
# Load=24/1024=2%, Rehash=0, Collisions=2/62=3%
# VPATH Search Paths

# No `vpath' search paths.

# No general (`VPATH' variable) search path.

# # of strings in strcache: 1
# # of strcache buffers: 1
# strcache size: total = 4096 / max = 4096 / min = 4096 / avg = 4096
# strcache free: total = 4087 / max = 4087 / min = 4087 / avg = 4087

# Finished Make data base on Wed Jul  6 15:18:36 2022

 
